\BOOKMARK [1][-]{section*.2}{DECLARATION}{}% 1
\BOOKMARK [1][-]{section*.3}{DEDICATION}{}% 2
\BOOKMARK [1][-]{section*.4}{ACKNOWLEDGEMENT }{}% 3
\BOOKMARK [1][-]{section*.5}{ABSTRACT}{}% 4
\BOOKMARK [1][-]{section*.6}{ABSTRAK}{}% 5
\BOOKMARK [1][-]{section*.7}{TABLE OF CONTENTS}{}% 6
\BOOKMARK [1][-]{section*.8}{LIST OF TABLES}{}% 7
\BOOKMARK [1][-]{section*.9}{LIST OF FIGURES}{}% 8
\BOOKMARK [1][-]{section*.10}{LIST OF ABBREVIATIONS}{}% 9
\BOOKMARK [1][-]{section*.11}{LIST OF SYMBOLS}{}% 10
\BOOKMARK [1][-]{section*.11}{LIST OF APPENDICES}{}% 11
\BOOKMARK [0][-]{chapter.1}{Introduction}{}% 12
\BOOKMARK [1][-]{section.1.1}{Problem Background}{chapter.1}% 13
\BOOKMARK [1][-]{section.1.2}{State-of-the-Arts}{chapter.1}% 14
\BOOKMARK [1][-]{section.1.3}{Problem Statement}{chapter.1}% 15
\BOOKMARK [1][-]{section.1.4}{Objective and Scope}{chapter.1}% 16
\BOOKMARK [1][-]{section.1.5}{Organization}{chapter.1}% 17
\BOOKMARK [0][-]{chapter.2}{Literature Review}{}% 18
\BOOKMARK [1][-]{section.2.1}{State-of-the-Arts}{chapter.2}% 19
\BOOKMARK [1][-]{section.2.2}{Limitations}{chapter.2}% 20
\BOOKMARK [1][-]{section.2.3}{Research Gaps}{chapter.2}% 21
\BOOKMARK [0][-]{chapter.3}{Research Methodology}{}% 22
\BOOKMARK [1][-]{section.3.1}{Top-level View}{chapter.3}% 23
\BOOKMARK [1][-]{section.3.2}{Research Activities}{chapter.3}% 24
\BOOKMARK [1][-]{section.3.3}{Controllables vs. Obseravables}{chapter.3}% 25
\BOOKMARK [1][-]{section.3.4}{Techniques}{chapter.3}% 26
\BOOKMARK [1][-]{section.3.5}{Tools and Platforms}{chapter.3}% 27
\BOOKMARK [1][-]{section.3.6}{Chapter Summary}{chapter.3}% 28
\BOOKMARK [0][-]{chapter.4}{Proposed Work}{}% 29
\BOOKMARK [1][-]{section.4.1}{The Big Picture}{chapter.4}% 30
\BOOKMARK [1][-]{section.4.2}{Analytical Proofs}{chapter.4}% 31
\BOOKMARK [1][-]{section.4.3}{Results and Discussion}{chapter.4}% 32
\BOOKMARK [1][-]{section.4.4}{Chapter Summary}{chapter.4}% 33
\BOOKMARK [0][-]{chapter.5}{Conclusion}{}% 34
\BOOKMARK [1][-]{section.5.1}{Research Outcomes}{chapter.5}% 35
\BOOKMARK [1][-]{section.5.2}{Contributions to Knowledge}{chapter.5}% 36
\BOOKMARK [1][-]{section.5.3}{Future Works}{chapter.5}% 37
